1604743185618	geckodriver	INFO	Listening on 127.0.0.1:52140
1604743188743	mozrunner::runner	INFO	Running command: "C:\\Program Files\\Mozilla Firefox\\firefox.exe" "--marionette" "-foreground" "-no-remote" "-profile" "C:\\Users\\alira\\AppData\\Local\\Temp\\rust_mozprofilehWmO87"
1604743229176	geckodriver	INFO	Listening on 127.0.0.1:52177
1604743232319	mozrunner::runner	INFO	Running command: "C:\\Program Files\\Mozilla Firefox\\firefox.exe" "--marionette" "-foreground" "-no-remote" "-profile" "C:\\Users\\alira\\AppData\\Local\\Temp\\rust_mozprofiler2Jd9k"
Can't find symbol 'eglSwapBuffersWithDamageEXT'.
JavaScript error: resource://gre/modules/XULStore.jsm, line 66: Error: Can't find profile directory.
console.error: SearchCache: "_readCacheFile: Error reading cache file:" (new Error("", "(unknown module)"))
1604743236931	Marionette	INFO	Listening on port 52185
1604743237175	Marionette	WARN	TLS certificate errors will be ignored for this session
1604743254404	Marionette	INFO	Stopped listening on port 52185

###!!! [Child][RunMessage] Error: Channel closing: too late to send/recv, messages will be lost


###!!! [Child][MessageChannel::SendAndWait] Error: Channel error: cannot send/recv

1604743374698	geckodriver	INFO	Listening on 127.0.0.1:52261
1604743377804	mozrunner::runner	INFO	Running command: "C:\\Program Files\\Mozilla Firefox\\firefox.exe" "--marionette" "-foreground" "-no-remote" "-profile" "C:\\Users\\alira\\AppData\\Local\\Temp\\rust_mozprofilelvYRQd"
Can't find symbol 'eglSwapBuffersWithDamageEXT'.
JavaScript error: resource://gre/modules/XULStore.jsm, line 66: Error: Can't find profile directory.
console.error: SearchCache: "_readCacheFile: Error reading cache file:" (new Error("", "(unknown module)"))
1604743381965	Marionette	INFO	Listening on port 52270
1604743382028	Marionette	WARN	TLS certificate errors will be ignored for this session
1604743391534	Marionette	INFO	Stopped listening on port 52270

###!!! [Child][RunMessage] Error: Channel closing: too late to send/recv, messages will be lost


###!!! [Child][MessageChannel::SendAndWait] Error: Channel error: cannot send/recv

1604743400248	geckodriver	INFO	Listening on 127.0.0.1:52305
1604743403391	mozrunner::runner	INFO	Running command: "C:\\Program Files\\Mozilla Firefox\\firefox.exe" "--marionette" "-foreground" "-no-remote" "-profile" "C:\\Users\\alira\\AppData\\Local\\Temp\\rust_mozprofileRtXTCs"
Can't find symbol 'eglSwapBuffersWithDamageEXT'.
JavaScript error: resource://gre/modules/XULStore.jsm, line 66: Error: Can't find profile directory.
console.error: SearchCache: "_readCacheFile: Error reading cache file:" (new Error("", "(unknown module)"))
1604743407506	Marionette	INFO	Listening on port 52313
1604743407577	Marionette	WARN	TLS certificate errors will be ignored for this session
1604743423819	Marionette	INFO	Stopped listening on port 52313

###!!! [Child][RunMessage] Error: Channel closing: too late to send/recv, messages will be lost


###!!! [Child][MessageChannel::SendAndWait] Error: Channel error: cannot send/recv

1604743495911	geckodriver	INFO	Listening on 127.0.0.1:52348
1604743499042	mozrunner::runner	INFO	Running command: "C:\\Program Files\\Mozilla Firefox\\firefox.exe" "--marionette" "-foreground" "-no-remote" "-profile" "C:\\Users\\alira\\AppData\\Local\\Temp\\rust_mozprofileQeSLsk"
Can't find symbol 'eglSwapBuffersWithDamageEXT'.
JavaScript error: resource://gre/modules/XULStore.jsm, line 66: Error: Can't find profile directory.
console.error: SearchCache: "_readCacheFile: Error reading cache file:" (new Error("", "(unknown module)"))
1604743503032	Marionette	INFO	Listening on port 52356
1604743503265	Marionette	WARN	TLS certificate errors will be ignored for this session
JavaScript error: resource://gre/actors/AutoCompleteChild.jsm, line 235: Error: Invalid autocomplete selectedIndex
JavaScript error: resource://gre/actors/AutoCompleteChild.jsm, line 235: Error: Invalid autocomplete selectedIndex
JavaScript error: resource://gre/actors/AutoCompleteChild.jsm, line 235: Error: Invalid autocomplete selectedIndex
JavaScript error: resource://gre/actors/AutoCompleteChild.jsm, line 235: Error: Invalid autocomplete selectedIndex
JavaScript error: resource://gre/actors/AutoCompleteChild.jsm, line 235: Error: Invalid autocomplete selectedIndex
JavaScript error: resource://gre/actors/AutoCompleteChild.jsm, line 235: Error: Invalid autocomplete selectedIndex
JavaScript error: resource://gre/actors/AutoCompleteChild.jsm, line 235: Error: Invalid autocomplete selectedIndex
JavaScript error: resource://gre/actors/AutoCompleteChild.jsm, line 235: Error: Invalid autocomplete selectedIndex
JavaScript error: resource://gre/actors/AutoCompleteChild.jsm, line 235: Error: Invalid autocomplete selectedIndex
JavaScript error: resource://gre/actors/AutoCompleteChild.jsm, line 235: Error: Invalid autocomplete selectedIndex
JavaScript error: resource://gre/actors/AutoCompleteChild.jsm, line 235: Error: Invalid autocomplete selectedIndex
JavaScript error: resource://gre/actors/AutoCompleteChild.jsm, line 235: Error: Invalid autocomplete selectedIndex
JavaScript error: resource://gre/actors/AutoCompleteChild.jsm, line 235: Error: Invalid autocomplete selectedIndex
JavaScript error: resource://gre/actors/AutoCompleteChild.jsm, line 235: Error: Invalid autocomplete selectedIndex
JavaScript error: resource://gre/actors/AutoCompleteChild.jsm, line 235: Error: Invalid autocomplete selectedIndex
1604743724054	Marionette	INFO	Stopped listening on port 52356

###!!! [Child][MessageChannel::SendAndWait] Error: Channel error: cannot send/recv

firefox.exe" "--marionette" "-foreground" "-no-remote" "-profile" "C:\\Users\\alira\\AppData\\Local\\Temp\\rust_mozprofileSrPSas"
Can't find symbol 'eglSwapBuffersWithDamageEXT'.
JavaScript error: resource://gre/modules/XULStore.jsm, line 66: Error: Can't find profile directory.
console.error: SearchCache: "_readCacheFile: Error reading cache file:" (new Error("", "(unknown module)"))
1604743653868	Marionette	INFO	Listening on port 52403
1604743654117	Marionette	WARN	TLS certificate errors will be ignored for this session
1604743668126	Marionette	INFO	Stopped listening on port 52403

###!!! [Child][RunMessage] Error: Channel closing: too late to send/recv, messages will be lost


###!!! [Child][MessageChannel::SendAndWait] Error: Channel error: cannot send/recv

1604743686689	geckodriver	INFO	Listening on 127.0.0.1:52443
1604743689781	mozrunner::runner	INFO	Running command: "C:\\Program Files\\Mozilla Firefox\\firefox.exe" "--marionette" "-foreground" "-no-remote" "-profile" "C:\\Users\\alira\\AppData\\Local\\Temp\\rust_mozprofilesppeqY"
Can't find symbol 'eglSwapBuffersWithDamageEXT'.
JavaScript error: resource://gre/modules/XULStore.jsm, line 66: Error: Can't find profile directory.
console.error: SearchCache: "_readCacheFile: Error reading cache file:" (new Error("", "(unknown module)"))
1604743693963	Marionette	INFO	Listening on port 52451
1604743693991	Marionette	WARN	TLS certificate errors will be ignored for this session
1604743717517	Marionette	INFO	Stopped listening on port 52451

###!!! [Child][RunMessage] Error: Channel closing: too late to send/recv, messages will be lost


###!!! [Child][MessageChannel::SendAndWait] Error: Channel error: cannot send/recv

1604743788874	geckodriver	INFO	Listening on 127.0.0.1:52492
1604743791989	mozrunner::runner	INFO	Running command: "C:\\Program Files\\Mozilla Firefox\\firefox.exe" "--marionette" "-foreground" "-no-remote" "-profile" "C:\\Users\\alira\\AppData\\Local\\Temp\\rust_mozprofilevqeGtK"
Can't find symbol 'eglSwapBuffersWithDamageEXT'.
JavaScript error: resource://gre/modules/XULStore.jsm, line 66: Error: Can't find profile directory.
console.error: SearchCache: "_readCacheFile: Error reading cache file:" (new Error("", "(unknown module)"))
1604743795845	Marionette	INFO	Listening on port 52500
1604743796165	Marionette	WARN	TLS certificate errors will be ignored for this session
1604743802654	Marionette	INFO	Stopped listening on port 52500

###!!! [Child][RunMessage] Error: Channel closing: too late to send/recv, messages will be lost


###!!! [Child][MessageChannel::SendAndWait] Error: Channel error: cannot send/recv

1604743882761	geckodriver	INFO	Listening on 127.0.0.1:52536
1604743885878	mozrunner::runner	INFO	Running command: "C:\\Program Files\\Mozilla Firefox\\firefox.exe" "--marionette" "-foreground" "-no-remote" "-profile" "C:\\Users\\alira\\AppData\\Local\\Temp\\rust_mozprofilewuICnW"
Can't find symbol 'eglSwapBuffersWithDamageEXT'.
JavaScript error: resource://gre/modules/XULStore.jsm, line 66: Error: Can't find profile directory.
console.error: SearchCache: "_readCacheFile: Error reading cache file:" (new Error("", "(unknown module)"))
1604743890081	Marionette	INFO	Listening on port 52544
1604743890180	Marionette	WARN	TLS certificate errors will be ignored for this session
1604743895930	Marionette	INFO	Stopped listening on port 52544

###!!! [Child][RunMessage] Error: Channel closing: too late to send/recv, messages will be lost


###!!! [Child][MessageChannel::SendAndWait] Error: Channel error: cannot send/recv

1604744044590	geckodriver	INFO	Listening on 127.0.0.1:52587
1604744047716	mozrunner::runner	INFO	Running command: "C:\\Program Files\\Mozilla Firefox\\firefox.exe" "--marionette" "-foreground" "-no-remote" "-profile" "C:\\Users\\alira\\AppData\\Local\\Temp\\rust_mozprofileW4ZQzL"
Can't find symbol 'eglSwapBuffersWithDamageEXT'.
JavaScript error: resource://gre/modules/XULStore.jsm, line 66: Error: Can't find profile directory.
console.error: SearchCache: "_readCacheFile: Error reading cache file:" (new Error("", "(unknown module)"))
1604744051892	Marionette	INFO	Listening on port 52595
1604744051917	Marionette	WARN	TLS certificate errors will be ignored for this session
1604744058197	Marionette	INFO	Stopped listening on port 52595

###!!! [Child][RunMessage] Error: Channel closing: too late to send/recv, messages will be lost


###!!! [Child][MessageChannel::SendAndWait] Error: Channel error: cannot send/recv

1604744065406	geckodriver	INFO	Listening on 127.0.0.1:52629
1604744068549	mozrunner::runner	INFO	Running command: "C:\\Program Files\\Mozilla Firefox\\firefox.exe" "--marionette" "-foreground" "-no-remote" "-profile" "C:\\Users\\alira\\AppData\\Local\\Temp\\rust_mozprofileTUQHzH"
Can't find symbol 'eglSwapBuffersWithDamageEXT'.
JavaScript error: resource://gre/modules/XULStore.jsm, line 66: Error: Can't find profile directory.
console.error: SearchCache: "_readCacheFile: Error reading cache file:" (new Error("", "(unknown module)"))
1604744072550	Marionette	INFO	Listening on port 52637
1604744072743	Marionette	WARN	TLS certificate errors will be ignored for this session
1604744079333	Marionette	INFO	Stopped listening on port 52637

###!!! [Child][RunMessage] Error: Channel closing: too late to send/recv, messages will be lost


###!!! [Child][MessageChannel::SendAndWait] Error: Channel error: cannot send/recv

1604744146951	geckodriver	INFO	Listening on 127.0.0.1:52675
1604744150067	mozrunner::runner	INFO	Running command: "C:\\Program Files\\Mozilla Firefox\\firefox.exe" "--marionette" "-foreground" "-no-remote" "-profile" "C:\\Users\\alira\\AppData\\Local\\Temp\\rust_mozprofileIP1lxk"
Can't find symbol 'eglSwapBuffersWithDamageEXT'.
JavaScript error: resource://gre/modules/XULStore.jsm, line 66: Error: Can't find profile directory.
console.error: SearchCache: "_readCacheFile: Error reading cache file:" (new Error("", "(unknown module)"))
1604744153990	Marionette	INFO	Listening on port 52683
1604744154301	Marionette	WARN	TLS certificate errors will be ignored for this session
1604744161661	Marionette	INFO	Stopped listening on port 52683

###!!! [Child][RunMessage] Error: Channel closing: too late to send/recv, messages will be lost


###!!! [Child][MessageChannel::SendAndWait] Error: Channel error: cannot send/recv

1604745075184	geckodriver	INFO	Listening on 127.0.0.1:52721
1604745078334	mozrunner::runner	INFO	Running command: "C:\\Program Files\\Mozilla Firefox\\firefox.exe" "--marionette" "-foreground" "-no-remote" "-profile" "C:\\Users\\alira\\AppData\\Local\\Temp\\rust_mozprofiletp4A2i"
Can't find symbol 'eglSwapBuffersWithDamageEXT'.
JavaScript error: resource://gre/modules/XULStore.jsm, line 66: Error: Can't find profile directory.
console.error: SearchCache: "_readCacheFile: Error reading cache file:" (new Error("", "(unknown module)"))
console.error: Region.jsm: "Error fetching region" (new TypeError("NetworkError when attempting to fetch resource.", ""))
console.error: Region.jsm: "Failed to fetch region" (new Error("NO_RESULT", "resource://gre/modules/Region.jsm", 351))
1604745082944	Marionette	INFO	Listening on port 52729
1604745083153	Marionette	WARN	TLS certificate errors will be ignored for this session
1604745133063	Marionette	INFO	Stopped listening on port 52729

###!!! [Child][RunMessage] Error: Channel closing: too late to send/recv, messages will be lost


###!!! [Child][MessageChannel::SendAndWait] Error: Channel error: cannot send/recv

1604745182298	geckodriver	INFO	Listening on 127.0.0.1:52781
1604745185404	mozrunner::runner	INFO	Running command: "C:\\Program Files\\Mozilla Firefox\\firefox.exe" "--marionette" "-foreground" "-no-remote" "-profile" "C:\\Users\\alira\\AppData\\Local\\Temp\\rust_mozprofile9q1xY0"
Can't find symbol 'eglSwapBuffersWithDamageEXT'.
JavaScript error: resource://gre/modules/XULStore.jsm, line 66: Error: Can't find profile directory.
console.error: SearchCache: "_readCacheFile: Error reading cache file:" (new Error("", "(unknown module)"))
1604745189820	Marionette	INFO	Listening on port 52789
1604745190232	Marionette	WARN	TLS certificate errors will be ignored for this session
1604745198608	Marionette	INFO	Stopped listening on port 52789

###!!! [Child][RunMessage] Error: Channel closing: too late to send/recv, messages will be lost


###!!! [Child][MessageChannel::SendAndWait] Error: Channel error: cannot send/recv

1604745404943	geckodriver	INFO	Listening on 127.0.0.1:52846
1604745408068	mozrunner::runner	INFO	Running command: "C:\\Program Files\\Mozilla Firefox\\firefox.exe" "--marionette" "-foreground" "-no-remote" "-profile" "C:\\Users\\alira\\AppData\\Local\\Temp\\rust_mozprofileXokaxW"
Can't find symbol 'eglSwapBuffersWithDamageEXT'.
JavaScript error: resource://gre/modules/XULStore.jsm, line 66: Error: Can't find profile directory.
console.error: SearchCache: "_readCacheFile: Error reading cache file:" (new Error("", "(unknown module)"))
1604745412170	Marionette	INFO	Listening on port 52854
1604745412307	Marionette	WARN	TLS certificate errors will be ignored for this session
1604745420779	Marionette	INFO	Stopped listening on port 52854

###!!! [Child][RunMessage] Error: Channel closing: too late to send/recv, messages will be lost


###!!! [Child][MessageChannel::SendAndWait] Error: Channel error: cannot send/recv

1604745441397	geckodriver	INFO	Listening on 127.0.0.1:52899
1604745444541	mozrunner::runner	INFO	Running command: "C:\\Program Files\\Mozilla Firefox\\firefox.exe" "--marionette" "-foreground" "-no-remote" "-profile" "C:\\Users\\alira\\AppData\\Local\\Temp\\rust_mozprofilegFVuRh"
Can't find symbol 'eglSwapBuffersWithDamageEXT'.
JavaScript error: resource://gre/modules/XULStore.jsm, line 66: Error: Can't find profile directory.
console.error: SearchCache: "_readCacheFile: Error reading cache file:" (new Error("", "(unknown module)"))
1604745448582	Marionette	INFO	Listening on port 52907
1604745448743	Marionette	WARN	TLS certificate errors will be ignored for this session
1604745457650	Marionette	INFO	Stopped listening on port 52907

###!!! [Child][RunMessage] Error: Channel closing: too late to send/recv, messages will be lost


###!!! [Child][MessageChannel::SendAndWait] Error: Channel error: cannot send/recv

1604745519163	geckodriver	INFO	Listening on 127.0.0.1:52950
1604745522268	mozrunner::runner	INFO	Running command: "C:\\Program Files\\Mozilla Firefox\\firefox.exe" "--marionette" "-foreground" "-no-remote" "-profile" "C:\\Users\\alira\\AppData\\Local\\Temp\\rust_mozprofileFm4ATQ"
Can't find symbol 'eglSwapBuffersWithDamageEXT'.
JavaScript error: resource://gre/modules/XULStore.jsm, line 66: Error: Can't find profile directory.
console.error: SearchCache: "_readCacheFile: Error reading cache file:" (new Error("", "(unknown module)"))
1604745526908	Marionette	INFO	Listening on port 52958
1604745527061	Marionette	WARN	TLS certificate errors will be ignored for this session
1604745537230	Marionette	INFO	Stopped listening on port 52958

###!!! [Child][RunMessage] Error: Channel closing: too late to send/recv, messages will be lost


###!!! [Child][MessageChannel::SendAndWait] Error: Channel error: cannot send/recv

1604745732173	geckodriver	INFO	Listening on 127.0.0.1:52999
1604745735291	mozrunner::runner	INFO	Running command: "C:\\Program Files\\Mozilla Firefox\\firefox.exe" "--marionette" "-foreground" "-no-remote" "-profile" "C:\\Users\\alira\\AppData\\Local\\Temp\\rust_mozprofilexqhHeh"
Can't find symbol 'eglSwapBuffersWithDamageEXT'.
JavaScript error: resource://gre/modules/XULStore.jsm, line 66: Error: Can't find profile directory.
console.error: SearchCache: "_readCacheFile: Error reading cache file:" (new Error("", "(unknown module)"))
1604745739461	Marionette	INFO	Listening on port 53007
1604745739493	Marionette	WARN	TLS certificate errors will be ignored for this session
1604745754234	Marionette	INFO	Stopped listening on port 53007

###!!! [Child][RunMessage] Error: Channel closing: too late to send/recv, messages will be lost


###!!! [Child][MessageChannel::SendAndWait] Error: Channel error: cannot send/recv

1604745832056	geckodriver	INFO	Listening on 127.0.0.1:53053
1604745835174	mozrunner::runner	INFO	Running command: "C:\\Program Files\\Mozilla Firefox\\firefox.exe" "--marionette" "-foreground" "-no-remote" "-profile" "C:\\Users\\alira\\AppData\\Local\\Temp\\rust_mozprofile83bKl4"
Can't find symbol 'eglSwapBuffersWithDamageEXT'.
JavaScript error: resource://gre/modules/XULStore.jsm, line 66: Error: Can't find profile directory.
console.error: SearchCache: "_readCacheFile: Error reading cache file:" (new Error("", "(unknown module)"))
1604745839410	Marionette	INFO	Listening on port 53061
1604745839486	Marionette	WARN	TLS certificate errors will be ignored for this session
1604745848083	Marionette	INFO	Stopped listening on port 53061

###!!! [Child][RunMessage] Error: Channel closing: too late to send/recv, messages will be lost


###!!! [Child][MessageChannel::SendAndWait] Error: Channel error: cannot send/recv

1604745867938	geckodriver	INFO	Listening on 127.0.0.1:53100
1604745871066	mozrunner::runner	INFO	Running command: "C:\\Program Files\\Mozilla Firefox\\firefox.exe" "--marionette" "-foreground" "-no-remote" "-profile" "C:\\Users\\alira\\AppData\\Local\\Temp\\rust_mozprofileqjLV4P"
Can't find symbol 'eglSwapBuffersWithDamageEXT'.
JavaScript error: resource://gre/modules/XULStore.jsm, line 66: Error: Can't find profile directory.
console.error: SearchCache: "_readCacheFile: Error reading cache file:" (new Error("", "(unknown module)"))
1604745875658	Marionette	INFO	Listening on port 53108
1604745875911	Marionette	WARN	TLS certificate errors will be ignored for this session
1604745887582	Marionette	INFO	Stopped listening on port 53108

###!!! [Child][RunMessage] Error: Channel closing: too late to send/recv, messages will be lost


###!!! [Child][MessageChannel::SendAndWait] Error: Channel error: cannot send/recv

1604745904736	geckodriver	INFO	Listening on 127.0.0.1:53146
1604745907828	mozrunner::runner	INFO	Running command: "C:\\Program Files\\Mozilla Firefox\\firefox.exe" "--marionette" "-foreground" "-no-remote" "-profile" "C:\\Users\\alira\\AppData\\Local\\Temp\\rust_mozprofilebNbdO4"
Can't find symbol 'eglSwapBuffersWithDamageEXT'.
JavaScript error: resource://gre/modules/XULStore.jsm, line 66: Error: Can't find profile directory.
console.error: SearchCache: "_readCacheFile: Error reading cache file:" (new Error("", "(unknown module)"))
1604745911845	Marionette	INFO	Listening on port 53154
1604745912045	Marionette	WARN	TLS certificate errors will be ignored for this session
1604745920882	Marionette	INFO	Stopped listening on port 53154

###!!! [Child][RunMessage] Error: Channel closing: too late to send/recv, messages will be lost


###!!! [Child][MessageChannel::SendAndWait] Error: Channel error: cannot send/recv

1604745946930	geckodriver	INFO	Listening on 127.0.0.1:53202
1604745950052	mozrunner::runner	INFO	Running command: "C:\\Program Files\\Mozilla Firefox\\firefox.exe" "--marionette" "-foreground" "-no-remote" "-profile" "C:\\Users\\alira\\AppData\\Local\\Temp\\rust_mozprofilexmCsDW"
Can't find symbol 'eglSwapBuffersWithDamageEXT'.
JavaScript error: resource://gre/modules/XULStore.jsm, line 66: Error: Can't find profile directory.
console.error: SearchCache: "_readCacheFile: Error reading cache file:" (new Error("", "(unknown module)"))
1604745954028	Marionette	INFO	Listening on port 53210
1604745954240	Marionette	WARN	TLS certificate errors will be ignored for this session
1604745986614	Marionette	INFO	Stopped listening on port 53210

###!!! [Child][RunMessage] Error: Channel closing: too late to send/recv, messages will be lost


###!!! [Child][MessageChannel::SendAndWait] Error: Channel error: cannot send/recv

1604745989686	geckodriver	INFO	Listening on 127.0.0.1:53254
1604745992817	mozrunner::runner	INFO	Running command: "C:\\Program Files\\Mozilla Firefox\\firefox.exe" "--marionette" "-foreground" "-no-remote" "-profile" "C:\\Users\\alira\\AppData\\Local\\Temp\\rust_mozprofile923AI1"
Can't find symbol 'eglSwapBuffersWithDamageEXT'.
JavaScript error: resource://gre/modules/XULStore.jsm, line 66: Error: Can't find profile directory.
console.error: SearchCache: "_readCacheFile: Error reading cache file:" (new Error("", "(unknown module)"))
1604745997311	Marionette	INFO	Listening on port 53262
1604745997608	Marionette	WARN	TLS certificate errors will be ignored for this session
1604746024175	Marionette	INFO	Stopped listening on port 53262

###!!! [Child][RunMessage] Error: Channel closing: too late to send/recv, messages will be lost


###!!! [Child][MessageChannel::SendAndWait] Error: Channel error: cannot send/recv

1604746067520	geckodriver	INFO	Listening on 127.0.0.1:53303
1604746070624	mozrunner::runner	INFO	Running command: "C:\\Program Files\\Mozilla Firefox\\firefox.exe" "--marionette" "-foreground" "-no-remote" "-profile" "C:\\Users\\alira\\AppData\\Local\\Temp\\rust_mozprofileXUnLgR"
Can't find symbol 'eglSwapBuffersWithDamageEXT'.
JavaScript error: resource://gre/modules/XULStore.jsm, line 66: Error: Can't find profile directory.
console.error: SearchCache: "_readCacheFile: Error reading cache file:" (new Error("", "(unknown module)"))
1604746074690	Marionette	INFO	Listening on port 53311
1604746074852	Marionette	WARN	TLS certificate errors will be ignored for this session
1604746082800	Marionette	INFO	Stopped listening on port 53311

###!!! [Child][RunMessage] Error: Channel closing: too late to send/recv, messages will be lost


###!!! [Child][MessageChannel::SendAndWait] Error: Channel error: cannot send/recv

1604746492789	geckodriver	INFO	Listening on 127.0.0.1:53365
1604746495882	mozrunner::runner	INFO	Running command: "C:\\Program Files\\Mozilla Firefox\\firefox.exe" "--marionette" "-foreground" "-no-remote" "-profile" "C:\\Users\\alira\\AppData\\Local\\Temp\\rust_mozprofilerE879Y"
Can't find symbol 'eglSwapBuffersWithDamageEXT'.
JavaScript error: resource://gre/modules/XULStore.jsm, line 66: Error: Can't find profile directory.
console.error: SearchCache: "_readCacheFile: Error reading cache file:" (new Error("", "(unknown module)"))
1604746499683	Marionette	INFO	Listening on port 53373
1604746500134	Marionette	WARN	TLS certificate errors will be ignored for this session
